<?xml version="1.0" encoding="UTF-8"?>
<testng-results skipped="0" failed="0" ignored="0" total="1" passed="1">
  <reporter-output>
  </reporter-output>
  <suite name="Default suite" duration-ms="84" started-at="2021-11-11T15:13:44 IST" finished-at="2021-11-11T15:13:44 IST">
    <groups>
    </groups>
    <test name="Default test" duration-ms="84" started-at="2021-11-11T15:13:44 IST" finished-at="2021-11-11T15:13:44 IST">
      <class name="Scripts1.Test1">
        <test-method status="PASS" signature="assignment1()[pri:0, instance:Scripts1.Test1@52feb982]" name="assignment1" duration-ms="13" started-at="2021-11-11T15:13:44 IST" finished-at="2021-11-11T15:13:44 IST">
          <reporter-output>
          </reporter-output>
        </test-method> <!-- assignment1 -->
      </class> <!-- Scripts1.Test1 -->
    </test> <!-- Default test -->
  </suite> <!-- Default suite -->
</testng-results>
