<?xml version="1.0" encoding="UTF-8"?>
<testng-results skipped="0" failed="0" ignored="0" total="1" passed="1">
  <reporter-output>
  </reporter-output>
  <suite name="Default suite" duration-ms="109" started-at="2021-11-12T10:25:32 IST" finished-at="2021-11-12T10:25:32 IST">
    <groups>
    </groups>
    <test name="Default test" duration-ms="109" started-at="2021-11-12T10:25:32 IST" finished-at="2021-11-12T10:25:32 IST">
      <class name="Scripts1.Test4">
        <test-method status="PASS" signature="hello()[pri:0, instance:Scripts1.Test4@52feb982]" name="hello" duration-ms="14" started-at="2021-11-12T10:25:32 IST" finished-at="2021-11-12T10:25:32 IST">
          <reporter-output>
          </reporter-output>
        </test-method> <!-- hello -->
      </class> <!-- Scripts1.Test4 -->
    </test> <!-- Default test -->
  </suite> <!-- Default suite -->
</testng-results>
